/home/rgundaka/miniconda3/envs/CPINO/lib/python3.10/site-packages/torch/functional.py:568: UserWarning: torch.meshgrid: in an upcoming release, it will be required to pass the indexing argument. (Triggered internally at  ../aten/src/ATen/native/TensorShape.cpp:2228.)
  return _VF.meshgrid(tensors, **kwargs)  # type: ignore[attr-defined]
wandb: Currently logged in as: rishigundakaram. Use `wandb login --relogin` to force relogin
loading data
data is loaded
using device: cuda:0
wandb: wandb version 0.12.19 is available!  To upgrade, please run:
wandb:  $ pip install wandb --upgrade
wandb: Tracking run with wandb version 0.12.18
wandb: Run data is saved locally in /central/groups/tensorlab/rgundaka/code/CPINO/experiments/wave1D_PINO/wandb/run-20220627_214257-8dcqrwb6
wandb: Run `wandb offline` to turn off syncing.
wandb: Syncing run usual-frog-8
wandb: ⭐️ View project at https://wandb.ai/rishigundakaram/CPINO-wave1D
wandb: 🚀 View run at https://wandb.ai/rishigundakaram/CPINO-wave1D/runs/8dcqrwb6
  0% 0/500 [00:00<?, ?it/s]  0% 0/500 [00:02<?, ?it/s]
Traceback (most recent call last):
  File "/groups/tensorlab/rgundaka/code/CPINO/run.py", line 102, in <module>
    pbar.set_description(dict_to_str(total_loss))
  File "/groups/tensorlab/rgundaka/code/CPINO/run.py", line 38, in dict_to_str
    str += f"{key}: {value.cpu():.5f} "
AttributeError: 'float' object has no attribute 'cpu'
wandb: Waiting for W&B process to finish... (failed 1). Press Control-C to abort syncing.
wandb: - 0.016 MB of 0.016 MB uploaded (0.000 MB deduped)wandb: \ 0.016 MB of 0.016 MB uploaded (0.000 MB deduped)wandb: | 0.016 MB of 0.020 MB uploaded (0.000 MB deduped)wandb: / 0.016 MB of 0.020 MB uploaded (0.000 MB deduped)wandb: - 0.020 MB of 0.020 MB uploaded (0.000 MB deduped)wandb: \ 0.020 MB of 0.020 MB uploaded (0.000 MB deduped)wandb: | 0.020 MB of 0.020 MB uploaded (0.000 MB deduped)wandb: / 0.020 MB of 0.020 MB uploaded (0.000 MB deduped)wandb: - 0.020 MB of 0.020 MB uploaded (0.000 MB deduped)wandb: \ 0.020 MB of 0.020 MB uploaded (0.000 MB deduped)wandb:                                                                                
wandb: 
wandb: Run history:
wandb: train L2 data loss ▁
wandb:    train L2 f loss ▁
wandb:   train L2 ic loss ▁
wandb:         train loss ▁
wandb: 
wandb: Run summary:
wandb: train L2 data loss 0.07839
wandb:    train L2 f loss 0.4487
wandb:   train L2 ic loss 0.00813
wandb:         train loss 1.27326
wandb: 
wandb: Synced usual-frog-8: https://wandb.ai/rishigundakaram/CPINO-wave1D/runs/8dcqrwb6
wandb: Synced 7 W&B file(s), 0 media file(s), 0 artifact file(s) and 0 other file(s)
wandb: Find logs at: ./wandb/run-20220627_214257-8dcqrwb6/logs
srun: error: hpc-23-28: task 0: Exited with exit code 1
